[ 2025-06-11 15:09:54,135 ] 1025 httpx - INFO - HTTP Request: GET https://dagshub.com/api/v1/user "HTTP/1.1 200 OK"
[ 2025-06-11 15:09:54,144 ] 107 dagshub - INFO - Accessing as e5can0r
[ 2025-06-11 15:09:55,774 ] 1025 httpx - INFO - HTTP Request: GET https://dagshub.com/api/v1/repos/e5can0r/Network-Security-System-Using-mlops "HTTP/1.1 200 OK"
[ 2025-06-11 15:09:57,310 ] 1025 httpx - INFO - HTTP Request: GET https://dagshub.com/api/v1/user "HTTP/1.1 200 OK"
[ 2025-06-11 15:09:57,314 ] 107 dagshub - INFO - Initialized MLflow to track repo "e5can0r/Network-Security-System-Using-mlops"
[ 2025-06-11 15:09:57,324 ] 107 dagshub - INFO - Repository e5can0r/Network-Security-System-Using-mlops initialized!
[ 2025-06-11 15:12:07,593 ] 42 root - INFO - Start data Ingestion
[ 2025-06-11 15:12:27,793 ] 65 root - INFO - Performed train test split on the dataframe
[ 2025-06-11 15:12:27,793 ] 67 root - INFO - Exited split_data_as_train_test method of Data_Ingestion class
[ 2025-06-11 15:12:27,794 ] 75 root - INFO - Exporting train and test file path.
[ 2025-06-11 15:12:27,872 ] 84 root - INFO - Exported train and test file path.
[ 2025-06-11 15:12:27,873 ] 45 root - INFO - Data Ingestion completed and artifact: DataIngestionArtifact(trained_file_path='Artifacts\\06_11_2025_15_09_45\\data_ingestion\\ingested\\train.csv', test_file_path='Artifacts\\06_11_2025_15_09_45\\data_ingestion\\ingested\\test.csv')
[ 2025-06-11 15:12:27,887 ] 55 root - INFO - Initiate the data Validation
[ 2025-06-11 15:12:27,983 ] 32 root - INFO - Required number of columns:2
[ 2025-06-11 15:12:27,984 ] 33 root - INFO - Data frame has columns:31
[ 2025-06-11 15:12:27,984 ] 32 root - INFO - Required number of columns:2
[ 2025-06-11 15:12:27,984 ] 33 root - INFO - Data frame has columns:31
[ 2025-06-11 15:12:28,199 ] 63 root - INFO - Entered initiate_data_transformation method of DataTransformation class
[ 2025-06-11 15:12:28,200 ] 65 root - INFO - Starting data transformation
[ 2025-06-11 15:12:28,232 ] 48 root - INFO - Entered get_data_trnasformer_object method of Trnasformation class
[ 2025-06-11 15:12:28,232 ] 53 root - INFO - Initialise KNNImputer with {'missing_values': nan, 'n_neighbors': 3, 'weights': 'uniform'}
[ 2025-06-11 15:12:28,262 ] 46 root - INFO - Entered the save_object method of MainUtils class
[ 2025-06-11 15:12:28,267 ] 50 root - INFO - Exited the save_object method of MainUtils class
[ 2025-06-11 15:12:28,267 ] 46 root - INFO - Entered the save_object method of MainUtils class
[ 2025-06-11 15:12:28,271 ] 50 root - INFO - Exited the save_object method of MainUtils class
[ 2025-06-11 15:19:04,797 ] 46 root - INFO - Entered the save_object method of MainUtils class
[ 2025-06-11 15:19:04,799 ] 50 root - INFO - Exited the save_object method of MainUtils class
[ 2025-06-11 15:19:04,799 ] 46 root - INFO - Entered the save_object method of MainUtils class
[ 2025-06-11 15:19:04,901 ] 50 root - INFO - Exited the save_object method of MainUtils class
[ 2025-06-11 15:19:04,902 ] 153 root - INFO - Model trainer artifact: ModelTrainerArtifact(trained_model_file_path='Artifacts\\06_11_2025_15_09_45\\model_trainer\\trained_model\\model.pkl', train_metric_artifact=ClassificationMetricArtifact(f1_score=0.9907500502714659, precision_score=0.9891588034531219, recall_score=0.9923464249748237), test_metric_artifact=ClassificationMetricArtifact(f1_score=0.9787234042553191, precision_score=0.9734439834024896, recall_score=0.9840604026845637))
